Determining if the pthread_create exist failed with the following output:
Change Dir: /home/simongle/simulation/ros_catkin_ws/build/CMakeFiles/CMakeTmp

Run Build Command:/usr/bin/make "cmTryCompileExec2189121516/fast"
/usr/bin/make -f CMakeFiles/cmTryCompileExec2189121516.dir/build.make CMakeFiles/cmTryCompileExec2189121516.dir/build
make[1]: Entering directory `/home/simongle/simulation/ros_catkin_ws/build/CMakeFiles/CMakeTmp'
/usr/bin/cmake -E cmake_progress_report /home/simongle/simulation/ros_catkin_ws/build/CMakeFiles/CMakeTmp/CMakeFiles 1
Building C object CMakeFiles/cmTryCompileExec2189121516.dir/CheckSymbolExists.c.o
/usr/bin/cc    -o CMakeFiles/cmTryCompileExec2189121516.dir/CheckSymbolExists.c.o   -c /home/simongle/simulation/ros_catkin_ws/build/CMakeFiles/CMakeTmp/CheckSymbolExists.c
Linking C executable cmTryCompileExec2189121516
/usr/bin/cmake -E cmake_link_script CMakeFiles/cmTryCompileExec2189121516.dir/link.txt --verbose=1
/usr/bin/cc       CMakeFiles/cmTryCompileExec2189121516.dir/CheckSymbolExists.c.o  -o cmTryCompileExec2189121516 -rdynamic 
CMakeFiles/cmTryCompileExec2189121516.dir/CheckSymbolExists.c.o: In function `main':
CheckSymbolExists.c:(.text+0x16): undefined reference to `pthread_create'
collect2: error: ld returned 1 exit status
make[1]: Leaving directory `/home/simongle/simulation/ros_catkin_ws/build/CMakeFiles/CMakeTmp'
make[1]: *** [cmTryCompileExec2189121516] Error 1
make: *** [cmTryCompileExec2189121516/fast] Error 2

File /home/simongle/simulation/ros_catkin_ws/build/CMakeFiles/CMakeTmp/CheckSymbolExists.c:
/* */
#include <pthread.h>

int main(int argc, char** argv)
{
  (void)argv;
#ifndef pthread_create
  return ((int*)(&pthread_create))[argc];
#else
  (void)argc;
  return 0;
#endif
}

Determining if the function pthread_create exists in the pthreads failed with the following output:
Change Dir: /home/simongle/simulation/ros_catkin_ws/build/CMakeFiles/CMakeTmp

Run Build Command:/usr/bin/make "cmTryCompileExec303025818/fast"
/usr/bin/make -f CMakeFiles/cmTryCompileExec303025818.dir/build.make CMakeFiles/cmTryCompileExec303025818.dir/build
make[1]: Entering directory `/home/simongle/simulation/ros_catkin_ws/build/CMakeFiles/CMakeTmp'
/usr/bin/cmake -E cmake_progress_report /home/simongle/simulation/ros_catkin_ws/build/CMakeFiles/CMakeTmp/CMakeFiles 1
Building C object CMakeFiles/cmTryCompileExec303025818.dir/CheckFunctionExists.c.o
/usr/bin/cc   -DCHECK_FUNCTION_EXISTS=pthread_create   -o CMakeFiles/cmTryCompileExec303025818.dir/CheckFunctionExists.c.o   -c /usr/share/cmake-2.8/Modules/CheckFunctionExists.c
Linking C executable cmTryCompileExec303025818
/usr/bin/cmake -E cmake_link_script CMakeFiles/cmTryCompileExec303025818.dir/link.txt --verbose=1
/usr/bin/cc   -DCHECK_FUNCTION_EXISTS=pthread_create    CMakeFiles/cmTryCompileExec303025818.dir/CheckFunctionExists.c.o  -o cmTryCompileExec303025818 -rdynamic -lpthreads 
/usr/bin/ld: cannot find -lpthreads
collect2: error: ld returned 1 exit status
make[1]: Leaving directory `/home/simongle/simulation/ros_catkin_ws/build/CMakeFiles/CMakeTmp'
make[1]: *** [cmTryCompileExec303025818] Error 1
make: *** [cmTryCompileExec303025818/fast] Error 2


Determining if the Q_WS_WIN exist failed with the following output:
Change Dir: /home/simongle/simulation/ros_catkin_ws/build/CMakeFiles/CMakeTmp

Run Build Command:/usr/bin/make "cmTryCompileExec1899799882/fast"
/usr/bin/make -f CMakeFiles/cmTryCompileExec1899799882.dir/build.make CMakeFiles/cmTryCompileExec1899799882.dir/build
make[1]: Entering directory `/home/simongle/simulation/ros_catkin_ws/build/CMakeFiles/CMakeTmp'
/usr/bin/cmake -E cmake_progress_report /home/simongle/simulation/ros_catkin_ws/build/CMakeFiles/CMakeTmp/CMakeFiles 1
Building CXX object CMakeFiles/cmTryCompileExec1899799882.dir/CheckSymbolExists.cxx.o
/usr/bin/c++    -I/usr/include/qt4    -o CMakeFiles/cmTryCompileExec1899799882.dir/CheckSymbolExists.cxx.o -c /home/simongle/simulation/ros_catkin_ws/build/CMakeFiles/CMakeTmp/CheckSymbolExists.cxx
/home/simongle/simulation/ros_catkin_ws/build/CMakeFiles/CMakeTmp/CheckSymbolExists.cxx: In function ‘int main(int, char**)’:
/home/simongle/simulation/ros_catkin_ws/build/CMakeFiles/CMakeTmp/CheckSymbolExists.cxx:8:19: error: ‘Q_WS_WIN’ was not declared in this scope
   return ((int*)(&Q_WS_WIN))[argc];
                   ^
make[1]: Leaving directory `/home/simongle/simulation/ros_catkin_ws/build/CMakeFiles/CMakeTmp'
make[1]: *** [CMakeFiles/cmTryCompileExec1899799882.dir/CheckSymbolExists.cxx.o] Error 1
make: *** [cmTryCompileExec1899799882/fast] Error 2

File /home/simongle/simulation/ros_catkin_ws/build/CMakeFiles/CMakeTmp/CheckSymbolExists.cxx:
/* */
#include <QtCore/qglobal.h>

int main(int argc, char** argv)
{
  (void)argv;
#ifndef Q_WS_WIN
  return ((int*)(&Q_WS_WIN))[argc];
#else
  (void)argc;
  return 0;
#endif
}

Determining if the Q_WS_QWS exist failed with the following output:
Change Dir: /home/simongle/simulation/ros_catkin_ws/build/CMakeFiles/CMakeTmp

Run Build Command:/usr/bin/make "cmTryCompileExec2685282373/fast"
/usr/bin/make -f CMakeFiles/cmTryCompileExec2685282373.dir/build.make CMakeFiles/cmTryCompileExec2685282373.dir/build
make[1]: Entering directory `/home/simongle/simulation/ros_catkin_ws/build/CMakeFiles/CMakeTmp'
/usr/bin/cmake -E cmake_progress_report /home/simongle/simulation/ros_catkin_ws/build/CMakeFiles/CMakeTmp/CMakeFiles 1
Building CXX object CMakeFiles/cmTryCompileExec2685282373.dir/CheckSymbolExists.cxx.o
/usr/bin/c++    -I/usr/include/qt4    -o CMakeFiles/cmTryCompileExec2685282373.dir/CheckSymbolExists.cxx.o -c /home/simongle/simulation/ros_catkin_ws/build/CMakeFiles/CMakeTmp/CheckSymbolExists.cxx
/home/simongle/simulation/ros_catkin_ws/build/CMakeFiles/CMakeTmp/CheckSymbolExists.cxx: In function ‘int main(int, char**)’:
/home/simongle/simulation/ros_catkin_ws/build/CMakeFiles/CMakeTmp/CheckSymbolExists.cxx:8:19: error: ‘Q_WS_QWS’ was not declared in this scope
   return ((int*)(&Q_WS_QWS))[argc];
                   ^
make[1]: *** [CMakeFiles/cmTryCompileExec2685282373.dir/CheckSymbolExists.cxx.o] Error 1
make[1]: Leaving directory `/home/simongle/simulation/ros_catkin_ws/build/CMakeFiles/CMakeTmp'
make: *** [cmTryCompileExec2685282373/fast] Error 2

File /home/simongle/simulation/ros_catkin_ws/build/CMakeFiles/CMakeTmp/CheckSymbolExists.cxx:
/* */
#include <QtCore/qglobal.h>

int main(int argc, char** argv)
{
  (void)argv;
#ifndef Q_WS_QWS
  return ((int*)(&Q_WS_QWS))[argc];
#else
  (void)argc;
  return 0;
#endif
}

Determining if the Q_WS_MAC exist failed with the following output:
Change Dir: /home/simongle/simulation/ros_catkin_ws/build/CMakeFiles/CMakeTmp

Run Build Command:/usr/bin/make "cmTryCompileExec2403888045/fast"
/usr/bin/make -f CMakeFiles/cmTryCompileExec2403888045.dir/build.make CMakeFiles/cmTryCompileExec2403888045.dir/build
make[1]: Entering directory `/home/simongle/simulation/ros_catkin_ws/build/CMakeFiles/CMakeTmp'
/usr/bin/cmake -E cmake_progress_report /home/simongle/simulation/ros_catkin_ws/build/CMakeFiles/CMakeTmp/CMakeFiles 1
Building CXX object CMakeFiles/cmTryCompileExec2403888045.dir/CheckSymbolExists.cxx.o
/usr/bin/c++    -I/usr/include/qt4    -o CMakeFiles/cmTryCompileExec2403888045.dir/CheckSymbolExists.cxx.o -c /home/simongle/simulation/ros_catkin_ws/build/CMakeFiles/CMakeTmp/CheckSymbolExists.cxx
/home/simongle/simulation/ros_catkin_ws/build/CMakeFiles/CMakeTmp/CheckSymbolExists.cxx: In function ‘int main(int, char**)’:
/home/simongle/simulation/ros_catkin_ws/build/CMakeFiles/CMakeTmp/CheckSymbolExists.cxx:8:19: error: ‘Q_WS_MAC’ was not declared in this scope
   return ((int*)(&Q_WS_MAC))[argc];
                   ^
make[1]: Leaving directory `/home/simongle/simulation/ros_catkin_ws/build/CMakeFiles/CMakeTmp'
make[1]: *** [CMakeFiles/cmTryCompileExec2403888045.dir/CheckSymbolExists.cxx.o] Error 1
make: *** [cmTryCompileExec2403888045/fast] Error 2

File /home/simongle/simulation/ros_catkin_ws/build/CMakeFiles/CMakeTmp/CheckSymbolExists.cxx:
/* */
#include <QtCore/qglobal.h>

int main(int argc, char** argv)
{
  (void)argv;
#ifndef Q_WS_MAC
  return ((int*)(&Q_WS_MAC))[argc];
#else
  (void)argc;
  return 0;
#endif
}

